# JRE version: Java(TM) SE Runtime Environment (7.0_51-b13) (build 1.7.0_51-b13)
# Java VM: Java HotSpot(TM) 64-Bit Server VM (24.51-b03 mixed mode linux-amd64 compressed oops)
Heap
 PSYoungGen      total 131584K, used 8792K [0x00000000f5500000, 0x00000000fd680000, 0x0000000100000000)
  eden space 130560K, 6% used [0x00000000f5500000,0x00000000f5d96098,0x00000000fd480000)
  from space 1024K, 0% used [0x00000000fd480000,0x00000000fd480000,0x00000000fd580000)
  to   space 1024K, 0% used [0x00000000fd580000,0x00000000fd580000,0x00000000fd680000)
 ParOldGen       total 141312K, used 90062K [0x00000000e0000000, 0x00000000e8a00000, 0x00000000f5500000)
  object space 141312K, 63% used [0x00000000e0000000,0x00000000e57f3890,0x00000000e8a00000)
 PSPermGen       total 120832K, used 120822K [0x00000000d0000000, 0x00000000d7600000, 0x00000000e0000000)
  object space 120832K, 99% used [0x00000000d0000000,0x00000000d75fdae0,0x00000000d7600000)
GC Heap History (10 events):
Event: 677560,175 GC heap before
{Heap before GC invocations=19593 (full 9784):
 PSYoungGen      total 131584K, used 64K [0x00000000f5500000, 0x00000000fd680000, 0x0000000100000000)
  eden space 130560K, 0% used [0x00000000f5500000,0x00000000f5500000,0x00000000fd480000)
  from space 1024K, 6% used [0x00000000fd480000,0x00000000fd490000,0x00000000fd580000)
  to   space 1024K, 0% used [0x00000000fd580000,0x00000000fd580000,0x00000000fd680000)
 ParOldGen       total 141312K, used 90062K [0x00000000e0000000, 0x00000000e8a00000, 0x00000000f5500000)
  object space 141312K, 63% used [0x00000000e0000000,0x00000000e57f3890,0x00000000e8a00000)
 PSPermGen       total 120832K, used 120822K [0x00000000d0000000, 0x00000000d7600000, 0x00000000e0000000)
  object space 120832K, 99% used [0x00000000d0000000,0x00000000d75fdae0,0x00000000d7600000)
Event: 677560,446 GC heap after
Heap after GC invocations=19593 (full 9784):
 PSYoungGen      total 131584K, used 0K [0x00000000f5500000, 0x00000000fd680000, 0x0000000100000000)
  eden space 130560K, 0% used [0x00000000f5500000,0x00000000f5500000,0x00000000fd480000)
  from space 1024K, 0% used [0x00000000fd480000,0x00000000fd480000,0x00000000fd580000)
  to   space 1024K, 0% used [0x00000000fd580000,0x00000000fd580000,0x00000000fd680000)
 ParOldGen       total 141312K, used 90062K [0x00000000e0000000, 0x00000000e8a00000, 0x00000000f5500000)
  object space 141312K, 63% used [0x00000000e0000000,0x00000000e57f3890,0x00000000e8a00000)
 PSPermGen       total 120832K, used 120822K [0x00000000d0000000, 0x00000000d7600000, 0x00000000e0000000)
  object space 120832K, 99% used [0x00000000d0000000,0x00000000d75fdae0,0x00000000d7600000)
}
Event: 677620,168 GC heap before
{Heap before GC invocations=19594 (full 9784):
 PSYoungGen      total 131584K, used 2655K [0x00000000f5500000, 0x00000000fd680000, 0x0000000100000000)
  eden space 130560K, 2% used [0x00000000f5500000,0x00000000f5797f28,0x00000000fd480000)
  from space 1024K, 0% used [0x00000000fd480000,0x00000000fd480000,0x00000000fd580000)
  to   space 1024K, 0% used [0x00000000fd580000,0x00000000fd580000,0x00000000fd680000)
 ParOldGen       total 141312K, used 90062K [0x00000000e0000000, 0x00000000e8a00000, 0x00000000f5500000)
  object space 141312K, 63% used [0x00000000e0000000,0x00000000e57f3890,0x00000000e8a00000)
 PSPermGen       total 120832K, used 120822K [0x00000000d0000000, 0x00000000d7600000, 0x00000000e0000000)
  object space 120832K, 99% used [0x00000000d0000000,0x00000000d75fdae0,0x00000000d7600000)
Event: 677620,175 GC heap after
Heap after GC invocations=19594 (full 9784):
 PSYoungGen      total 131584K, used 32K [0x00000000f5500000, 0x00000000fd680000, 0x0000000100000000)
  eden space 130560K, 0% used [0x00000000f5500000,0x00000000f5500000,0x00000000fd480000)
  from space 1024K, 3% used [0x00000000fd580000,0x00000000fd588000,0x00000000fd680000)
  to   space 1024K, 0% used [0x00000000fd480000,0x00000000fd480000,0x00000000fd580000)
 ParOldGen       total 141312K, used 90062K [0x00000000e0000000, 0x00000000e8a00000, 0x00000000f5500000)
  object space 141312K, 63% used [0x00000000e0000000,0x00000000e57f3890,0x00000000e8a00000)
 PSPermGen       total 120832K, used 120822K [0x00000000d0000000, 0x00000000d7600000, 0x00000000e0000000)
  object space 120832K, 99% used [0x00000000d0000000,0x00000000d75fdae0,0x00000000d7600000)
}
Event: 677620,175 GC heap before
{Heap before GC invocations=19595 (full 9785):
 PSYoungGen      total 131584K, used 32K [0x00000000f5500000, 0x00000000fd680000, 0x0000000100000000)
  eden space 130560K, 0% used [0x00000000f5500000,0x00000000f5500000,0x00000000fd480000)
  from space 1024K, 3% used [0x00000000fd580000,0x00000000fd588000,0x00000000fd680000)
  to   space 1024K, 0% used [0x00000000fd480000,0x00000000fd480000,0x00000000fd580000)
 ParOldGen       total 141312K, used 90062K [0x00000000e0000000, 0x00000000e8a00000, 0x00000000f5500000)
  object space 141312K, 63% used [0x00000000e0000000,0x00000000e57f3890,0x00000000e8a00000)
 PSPermGen       total 120832K, used 120822K [0x00000000d0000000, 0x00000000d7600000, 0x00000000e0000000)
  object space 120832K, 99% used [0x00000000d0000000,0x00000000d75fdae0,0x00000000d7600000)
Event: 677620,437 GC heap after
Heap after GC invocations=19595 (full 9785):
 PSYoungGen      total 131584K, used 0K [0x00000000f5500000, 0x00000000fd680000, 0x0000000100000000)
  eden space 130560K, 0% used [0x00000000f5500000,0x00000000f5500000,0x00000000fd480000)
  from space 1024K, 0% used [0x00000000fd580000,0x00000000fd580000,0x00000000fd680000)
  to   space 1024K, 0% used [0x00000000fd480000,0x00000000fd480000,0x00000000fd580000)
 ParOldGen       total 141312K, used 90062K [0x00000000e0000000, 0x00000000e8a00000, 0x00000000f5500000)
  object space 141312K, 63% used [0x00000000e0000000,0x00000000e57f3890,0x00000000e8a00000)
 PSPermGen       total 120832K, used 120822K [0x00000000d0000000, 0x00000000d7600000, 0x00000000e0000000)
  object space 120832K, 99% used [0x00000000d0000000,0x00000000d75fdae0,0x00000000d7600000)
}
Event: 677680,169 GC heap before
{Heap before GC invocations=19596 (full 9785):
 PSYoungGen      total 131584K, used 2655K [0x00000000f5500000, 0x00000000fd680000, 0x0000000100000000)
  eden space 130560K, 2% used [0x00000000f5500000,0x00000000f5797f28,0x00000000fd480000)
  from space 1024K, 0% used [0x00000000fd580000,0x00000000fd580000,0x00000000fd680000)
  to   space 1024K, 0% used [0x00000000fd480000,0x00000000fd480000,0x00000000fd580000)
 ParOldGen       total 141312K, used 90062K [0x00000000e0000000, 0x00000000e8a00000, 0x00000000f5500000)
  object space 141312K, 63% used [0x00000000e0000000,0x00000000e57f3890,0x00000000e8a00000)
 PSPermGen       total 120832K, used 120822K [0x00000000d0000000, 0x00000000d7600000, 0x00000000e0000000)
  object space 120832K, 99% used [0x00000000d0000000,0x00000000d75fdae0,0x00000000d7600000)
Event: 677680,176 GC heap after
Heap after GC invocations=19596 (full 9785):
 PSYoungGen      total 131584K, used 64K [0x00000000f5500000, 0x00000000fd680000, 0x0000000100000000)
  eden space 130560K, 0% used [0x00000000f5500000,0x00000000f5500000,0x00000000fd480000)
  from space 1024K, 6% used [0x00000000fd480000,0x00000000fd490000,0x00000000fd580000)
  to   space 1024K, 0% used [0x00000000fd580000,0x00000000fd580000,0x00000000fd680000)
 ParOldGen       total 141312K, used 90062K [0x00000000e0000000, 0x00000000e8a00000, 0x00000000f5500000)
  object space 141312K, 63% used [0x00000000e0000000,0x00000000e57f3890,0x00000000e8a00000)
 PSPermGen       total 120832K, used 120822K [0x00000000d0000000, 0x00000000d7600000, 0x00000000e0000000)
  object space 120832K, 99% used [0x00000000d0000000,0x00000000d75fdae0,0x00000000d7600000)
}
Event: 677680,176 GC heap before
{Heap before GC invocations=19597 (full 9786):
 PSYoungGen      total 131584K, used 64K [0x00000000f5500000, 0x00000000fd680000, 0x0000000100000000)
  eden space 130560K, 0% used [0x00000000f5500000,0x00000000f5500000,0x00000000fd480000)
  from space 1024K, 6% used [0x00000000fd480000,0x00000000fd490000,0x00000000fd580000)
  to   space 1024K, 0% used [0x00000000fd580000,0x00000000fd580000,0x00000000fd680000)
 ParOldGen       total 141312K, used 90062K [0x00000000e0000000, 0x00000000e8a00000, 0x00000000f5500000)
  object space 141312K, 63% used [0x00000000e0000000,0x00000000e57f3890,0x00000000e8a00000)
 PSPermGen       total 120832K, used 120822K [0x00000000d0000000, 0x00000000d7600000, 0x00000000e0000000)
  object space 120832K, 99% used [0x00000000d0000000,0x00000000d75fdae0,0x00000000d7600000)
Event: 677680,418 GC heap after
Heap after GC invocations=19597 (full 9786):
 PSYoungGen      total 131584K, used 0K [0x00000000f5500000, 0x00000000fd680000, 0x0000000100000000)
  eden space 130560K, 0% used [0x00000000f5500000,0x00000000f5500000,0x00000000fd480000)
  from space 1024K, 0% used [0x00000000fd480000,0x00000000fd480000,0x00000000fd580000)
  to   space 1024K, 0% used [0x00000000fd580000,0x00000000fd580000,0x00000000fd680000)
 ParOldGen       total 141312K, used 90062K [0x00000000e0000000, 0x00000000e8a00000, 0x00000000f5500000)
  object space 141312K, 63% used [0x00000000e0000000,0x00000000e57f3890,0x00000000e8a00000)
 PSPermGen       total 120832K, used 120822K [0x00000000d0000000, 0x00000000d7600000, 0x00000000e0000000)
  object space 120832K, 99% used [0x00000000d0000000,0x00000000d75fdae0,0x00000000d7600000)
}

